2025-07-05 16:32:17 - Class "ZipArchive" not found in C:\xampp\htdocs\opencart\admin\controller\marketplace\installer.php on line 99
2025-10-18 16:20:18 - setcookie(): "path" option cannot contain ",", ";", " ", "\t", "\r", "\n", "\013", or "\014" in C:\xampp\htdocs\opencart\catalog\controller\startup\session.php on line 73
2025-10-18 16:20:41 - setcookie(): "path" option cannot contain ",", ";", " ", "\t", "\r", "\n", "\013", or "\014" in C:\xampp\htdocs\opencart\catalog\controller\startup\session.php on line 73
2025-10-18 16:21:15 - setcookie(): "path" option cannot contain ",", ";", " ", "\t", "\r", "\n", "\013", or "\014" in C:\xampp\htdocs\opencart\catalog\controller\startup\session.php on line 73
2025-10-18 16:50:49 - Call to undefined function Opencart\Admin\Controller\Common\oc_delete_file() in C:\xampp\htdocs\opencart\admin\controller\common\developer.php on line 72
2025-10-18 16:50:50 - Call to undefined function Opencart\Admin\Controller\Common\oc_delete_file() in C:\xampp\htdocs\opencart\admin\controller\common\developer.php on line 72
2025-10-18 17:00:13 - Call to undefined function Opencart\Admin\Controller\Common\oc_delete_file() in C:\xampp\htdocs\opencart\admin\controller\common\developer.php on line 72
2025-10-18 17:01:04 - Call to undefined function Opencart\Admin\Controller\Common\oc_delete_file() in C:\xampp\htdocs\opencart\admin\controller\common\developer.php on line 72
2025-10-18 17:01:06 - Call to undefined function Opencart\Admin\Controller\Common\oc_delete_file() in C:\xampp\htdocs\opencart\admin\controller\common\developer.php on line 72
2025-10-18 17:31:38 - Call to undefined function Opencart\Admin\Controller\Common\oc_delete_file() in C:\xampp\htdocs\opencart\admin\controller\common\developer.php on line 72
2025-10-18 17:52:26 - Call to undefined function Opencart\Admin\Controller\Common\oc_delete_file() in C:\xampp\htdocs\opencart\admin\controller\common\developer.php on line 72
2025-10-18 17:52:33 - Call to undefined function Opencart\Admin\Controller\Common\oc_delete_file() in C:\xampp\htdocs\opencart\admin\controller\common\developer.php on line 72
2025-11-01 15:43:02 - setcookie(): "path" option cannot contain ",", ";", " ", "\t", "\r", "\n", "\013", or "\014" in C:\xampp\htdocs\opencart\catalog\controller\startup\session.php on line 73
2025-11-11 19:02:51 - Call to undefined function Opencart\Admin\Controller\Common\oc_delete_file() in C:\xampp\htdocs\opencart\admin\controller\common\developer.php on line 72
2025-11-11 19:02:55 - Call to undefined function Opencart\Admin\Controller\Common\oc_delete_file() in C:\xampp\htdocs\opencart\admin\controller\common\developer.php on line 72
2025-11-11 19:03:06 - Call to undefined function Opencart\Admin\Controller\Common\oc_delete_file() in C:\xampp\htdocs\opencart\admin\controller\common\developer.php on line 72
2025-11-14 16:32:26 - Class "Controller" not found in C:\xampp\htdocs\opencart\catalog\controller\common\home.php on line 2
2025-11-14 16:33:50 - Class "Opencart\Catalog\Controller\Common\Controller" not found in C:\xampp\htdocs\opencart\catalog\controller\common\home.php on line 39
2025-11-14 16:34:40 - Failed to write cache file "C:/xampp/htdocs/opencart/system/storage/cache/template/ad/ad5fad1fac30189bda7f312eeb3696aa.php". in C:\xampp\htdocs\opencart\system\storage\vendor\twig\twig\src\Cache\FilesystemCache.php on line 76
2025-11-14 16:35:31 - Class "Opencart\Catalog\Controller\Common\Controller" not found in C:\xampp\htdocs\opencart\catalog\controller\common\home.php on line 39
2025-11-14 16:35:34 - Class "Opencart\Catalog\Controller\Common\Controller" not found in C:\xampp\htdocs\opencart\catalog\controller\common\home.php on line 39
2025-11-14 16:35:52 - Class "Opencart\Catalog\Controller\Common\Controller" not found in C:\xampp\htdocs\opencart\catalog\controller\common\home.php on line 39
2025-11-14 16:37:44 - Undefined array key "start" in C:\xampp\htdocs\opencart\catalog\model\catalog\product.php on line 246
2025-11-14 16:37:45 - Undefined array key "start" in C:\xampp\htdocs\opencart\catalog\model\catalog\product.php on line 246
2025-11-14 16:37:46 - Undefined array key "start" in C:\xampp\htdocs\opencart\catalog\model\catalog\product.php on line 246
2025-11-14 16:37:46 - Undefined array key "start" in C:\xampp\htdocs\opencart\catalog\model\catalog\product.php on line 246
2025-11-14 16:37:47 - Undefined array key "start" in C:\xampp\htdocs\opencart\catalog\model\catalog\product.php on line 246
2025-11-14 16:41:31 - Undefined array key "start" in C:\xampp\htdocs\opencart\catalog\model\catalog\product.php on line 251
2025-11-14 16:42:11 - Error: Could not call registry key model_tool_image! in C:\xampp\htdocs\opencart\system\engine\controller.php on line 43
2025-11-14 16:45:17 - Undefined array key "start" in C:\xampp\htdocs\opencart\catalog\model\catalog\product.php on line 251
2025-11-14 16:46:36 - Error: Could not call registry key model_tool_image! in C:\xampp\htdocs\opencart\system\engine\controller.php on line 43
2025-11-15 20:37:28 - Call to undefined function Opencart\Admin\Controller\Common\oc_delete_file() in C:\xampp\htdocs\opencart\admin\controller\common\developer.php on line 72
2025-11-15 20:37:29 - Call to undefined function Opencart\Admin\Controller\Common\oc_delete_file() in C:\xampp\htdocs\opencart\admin\controller\common\developer.php on line 72
2025-11-15 20:37:32 - Call to undefined function Opencart\Admin\Controller\Common\oc_delete_file() in C:\xampp\htdocs\opencart\admin\controller\common\developer.php on line 72
2025-11-15 20:37:33 - Call to undefined function Opencart\Admin\Controller\Common\oc_delete_file() in C:\xampp\htdocs\opencart\admin\controller\common\developer.php on line 72
2025-11-15 20:37:39 - Call to undefined function Opencart\Admin\Controller\Common\oc_delete_file() in C:\xampp\htdocs\opencart\admin\controller\common\developer.php on line 72
2025-11-16 17:53:52 - Call to undefined function Opencart\Admin\Controller\Common\oc_delete_file() in C:\xampp\htdocs\opencart\admin\controller\common\developer.php on line 72
2025-11-16 17:53:58 - Call to undefined function Opencart\Admin\Controller\Common\oc_delete_file() in C:\xampp\htdocs\opencart\admin\controller\common\developer.php on line 72
2025-11-16 18:03:47 - Call to undefined function Opencart\Admin\Controller\Common\oc_delete_file() in C:\xampp\htdocs\opencart\admin\controller\common\developer.php on line 72
2025-11-16 18:03:55 - Call to undefined function Opencart\Admin\Controller\Common\oc_delete_file() in C:\xampp\htdocs\opencart\admin\controller\common\developer.php on line 72
2025-11-17 17:08:35 - Call to undefined function Opencart\Admin\Controller\Common\oc_delete_file() in C:\xampp\htdocs\opencart\admin\controller\common\developer.php on line 72
2025-11-17 18:00:43 - Call to undefined function Opencart\Admin\Controller\Common\oc_delete_file() in C:\xampp\htdocs\opencart\admin\controller\common\developer.php on line 72
2025-11-17 18:12:51 - Undefined array key "ar-ar" in C:\xampp\htdocs\opencart\catalog\controller\startup\language.php on line 40
2025-11-17 18:13:02 - Undefined array key "ar-ar" in C:\xampp\htdocs\opencart\catalog\controller\startup\language.php on line 40
2025-11-17 18:14:13 - Undefined array key "ar" in C:\xampp\htdocs\opencart\catalog\controller\startup\language.php on line 40
2025-11-18 17:33:39 - Undefined array key "ar" in C:\xampp\htdocs\opencart\catalog\controller\startup\language.php on line 40
2025-11-19 10:54:07 - Call to undefined function Opencart\Admin\Controller\Common\oc_delete_file() in C:\xampp\htdocs\opencart\admin\controller\common\developer.php on line 72
2025-11-19 13:52:10 - Error: Could not load model catalog/store! in C:\xampp\htdocs\opencart\system\engine\loader.php on line 148
2025-11-19 13:55:11 - Error: Could not load model catalog/store! in C:\xampp\htdocs\opencart\system\engine\loader.php on line 148
2025-11-19 13:55:13 - Error: Could not load model catalog/store! in C:\xampp\htdocs\opencart\system\engine\loader.php on line 148
2025-11-19 13:55:14 - Error: Could not load model catalog/store! in C:\xampp\htdocs\opencart\system\engine\loader.php on line 148
2025-11-19 13:55:15 - Error: Could not load model catalog/store! in C:\xampp\htdocs\opencart\system\engine\loader.php on line 148
2025-11-19 13:55:16 - Error: Could not load model catalog/store! in C:\xampp\htdocs\opencart\system\engine\loader.php on line 148
2025-11-19 13:55:46 - Error: Could not load model catalog/store! in C:\xampp\htdocs\opencart\system\engine\loader.php on line 148
2025-11-19 13:55:48 - Error: Could not load model catalog/store! in C:\xampp\htdocs\opencart\system\engine\loader.php on line 148
2025-11-19 13:55:49 - Error: Could not load model catalog/store! in C:\xampp\htdocs\opencart\system\engine\loader.php on line 148
2025-11-19 13:55:49 - Error: Could not load model catalog/store! in C:\xampp\htdocs\opencart\system\engine\loader.php on line 148
2025-11-19 13:55:50 - Error: Could not load model catalog/store! in C:\xampp\htdocs\opencart\system\engine\loader.php on line 148
2025-11-19 13:56:31 - Error: Could not load model catalog/store! in C:\xampp\htdocs\opencart\system\engine\loader.php on line 148
2025-11-19 17:40:51 - Call to undefined function Opencart\Admin\Controller\Common\oc_delete_file() in C:\xampp\htdocs\opencart\admin\controller\common\developer.php on line 72
2025-11-19 17:40:57 - Call to undefined function Opencart\Admin\Controller\Common\oc_delete_file() in C:\xampp\htdocs\opencart\admin\controller\common\developer.php on line 72
2025-11-25 06:03:18 - Undefined array key "ar-ar" in C:\xampp\htdocs\opencart\catalog\controller\startup\language.php on line 40
2025-11-25 06:05:26 - Undefined array key "ar-ar" in C:\xampp\htdocs\opencart\catalog\controller\startup\language.php on line 40
2025-11-25 06:05:27 - Undefined array key "ar-ar" in C:\xampp\htdocs\opencart\catalog\controller\startup\language.php on line 40
2025-11-25 06:05:45 - Undefined array key "ar-ar" in C:\xampp\htdocs\opencart\catalog\controller\startup\language.php on line 40
2025-11-25 06:06:53 - Undefined array key "ar-ar" in C:\xampp\htdocs\opencart\catalog\controller\startup\language.php on line 40
2025-11-25 06:06:54 - Undefined array key "ar-ar" in C:\xampp\htdocs\opencart\catalog\controller\startup\language.php on line 40
2025-11-25 06:06:55 - Undefined array key "ar-ar" in C:\xampp\htdocs\opencart\catalog\controller\startup\language.php on line 40
2025-11-25 06:06:55 - Undefined array key "ar-ar" in C:\xampp\htdocs\opencart\catalog\controller\startup\language.php on line 40
2025-11-25 06:06:55 - Undefined array key "ar-ar" in C:\xampp\htdocs\opencart\catalog\controller\startup\language.php on line 40
2025-11-25 06:07:02 - Call to undefined function Opencart\Admin\Controller\Common\oc_delete_file() in C:\xampp\htdocs\opencart\admin\controller\common\developer.php on line 72
2025-11-25 06:07:11 - Undefined array key "ar-ar" in C:\xampp\htdocs\opencart\catalog\controller\startup\language.php on line 40
2025-11-25 06:07:12 - Undefined array key "ar-ar" in C:\xampp\htdocs\opencart\catalog\controller\startup\language.php on line 40
2025-11-25 06:10:06 - Undefined array key "ar-ar" in C:\xampp\htdocs\opencart\catalog\controller\startup\language.php on line 40
2025-11-25 06:12:58 - Undefined array key "ar" in C:\xampp\htdocs\opencart\catalog\controller\startup\language.php on line 40
2025-11-25 06:13:02 - Undefined array key "ar" in C:\xampp\htdocs\opencart\catalog\controller\startup\language.php on line 40
2025-11-25 06:21:41 - Undefined array key "ar" in C:\xampp\htdocs\opencart\catalog\controller\startup\language.php on line 40
2025-11-25 06:28:21 - Undefined array key "ar-ar" in C:\xampp\htdocs\opencart\catalog\controller\startup\language.php on line 40
2025-11-25 06:28:22 - Undefined array key "ar-ar" in C:\xampp\htdocs\opencart\catalog\controller\startup\language.php on line 40
2025-11-25 06:28:23 - Undefined array key "ar-ar" in C:\xampp\htdocs\opencart\catalog\controller\startup\language.php on line 40
2025-11-25 06:29:38 - Undefined array key "ar-ar" in C:\xampp\htdocs\opencart\catalog\controller\startup\language.php on line 40
2025-11-25 06:29:39 - Undefined array key "ar-ar" in C:\xampp\htdocs\opencart\catalog\controller\startup\language.php on line 40
2025-11-25 07:45:02 - Undefined array key "ar-ar" in C:\xampp\htdocs\opencart\catalog\controller\startup\language.php on line 40
2025-11-25 07:52:31 - Undefined array key "ar-ar" in C:\xampp\htdocs\opencart\catalog\controller\startup\language.php on line 40
2025-11-25 07:52:32 - Undefined array key "ar-ar" in C:\xampp\htdocs\opencart\catalog\controller\startup\language.php on line 40
2025-11-25 07:53:52 - Undefined array key "ar" in C:\xampp\htdocs\opencart\catalog\controller\startup\language.php on line 40
2025-11-25 07:53:54 - Undefined array key "ar" in C:\xampp\htdocs\opencart\catalog\controller\startup\language.php on line 40
2025-11-25 07:54:26 - Undefined array key "ar" in C:\xampp\htdocs\opencart\catalog\controller\startup\language.php on line 40
2025-11-25 07:54:28 - Undefined array key "ar" in C:\xampp\htdocs\opencart\catalog\controller\startup\language.php on line 40
2025-11-25 07:54:28 - Undefined array key "ar" in C:\xampp\htdocs\opencart\catalog\controller\startup\language.php on line 40
2025-11-25 07:54:29 - Undefined array key "ar" in C:\xampp\htdocs\opencart\catalog\controller\startup\language.php on line 40
2025-11-25 07:58:25 - Undefined array key "ar" in C:\xampp\htdocs\opencart\catalog\controller\startup\language.php on line 40
2025-11-25 08:00:20 - Undefined array key "ar" in C:\xampp\htdocs\opencart\catalog\controller\startup\language.php on line 40
2025-11-25 08:00:21 - Undefined array key "ar" in C:\xampp\htdocs\opencart\catalog\controller\startup\language.php on line 40
2025-11-25 08:00:21 - Undefined array key "ar" in C:\xampp\htdocs\opencart\catalog\controller\startup\language.php on line 40
2025-11-25 08:00:21 - Undefined array key "ar" in C:\xampp\htdocs\opencart\catalog\controller\startup\language.php on line 40
2025-11-25 08:00:22 - Undefined array key "ar" in C:\xampp\htdocs\opencart\catalog\controller\startup\language.php on line 40
2025-11-25 08:00:22 - Undefined array key "ar" in C:\xampp\htdocs\opencart\catalog\controller\startup\language.php on line 40
2025-11-25 08:00:23 - Undefined array key "ar" in C:\xampp\htdocs\opencart\catalog\controller\startup\language.php on line 40
2025-11-25 08:00:23 - Undefined array key "ar" in C:\xampp\htdocs\opencart\catalog\controller\startup\language.php on line 40
2025-11-25 08:00:23 - Undefined array key "ar" in C:\xampp\htdocs\opencart\catalog\controller\startup\language.php on line 40
2025-11-25 08:01:00 - Undefined array key "ar" in C:\xampp\htdocs\opencart\catalog\controller\startup\language.php on line 40
2025-11-25 08:01:01 - Undefined array key "ar" in C:\xampp\htdocs\opencart\catalog\controller\startup\language.php on line 40
2025-11-26 06:54:26 - Undefined array key "ar" in C:\xampp\htdocs\opencart\catalog\controller\startup\language.php on line 40
2025-11-26 07:07:20 - Call to undefined function Opencart\Admin\Controller\Common\oc_delete_file() in C:\xampp\htdocs\opencart\admin\controller\common\developer.php on line 72
2025-11-26 07:35:58 - Undefined array key "ar" in C:\xampp\htdocs\opencart\catalog\controller\startup\language.php on line 40
2025-11-26 07:36:25 - Undefined array key "ar" in C:\xampp\htdocs\opencart\catalog\controller\startup\language.php on line 40
2025-11-26 07:46:03 - Undefined array key "ar" in C:\xampp\htdocs\opencart\catalog\controller\startup\language.php on line 42
2025-11-26 07:46:05 - Undefined array key "ar" in C:\xampp\htdocs\opencart\catalog\controller\startup\language.php on line 42
2025-11-26 07:46:06 - Undefined array key "ar" in C:\xampp\htdocs\opencart\catalog\controller\startup\language.php on line 42
2025-11-26 07:46:06 - Undefined array key "ar" in C:\xampp\htdocs\opencart\catalog\controller\startup\language.php on line 42
2025-11-26 07:46:24 - Undefined array key "ar" in C:\xampp\htdocs\opencart\catalog\controller\startup\language.php on line 42
2025-11-26 07:46:25 - Undefined array key "ar" in C:\xampp\htdocs\opencart\catalog\controller\startup\language.php on line 42
2025-11-26 07:46:25 - Undefined array key "ar" in C:\xampp\htdocs\opencart\catalog\controller\startup\language.php on line 42
2025-11-26 07:47:12 - Undefined array key "ar" in C:\xampp\htdocs\opencart\catalog\controller\startup\language.php on line 41
2025-11-26 07:47:13 - Undefined array key "ar" in C:\xampp\htdocs\opencart\catalog\controller\startup\language.php on line 41
2025-11-27 19:27:05 - Undefined array key "ar" in C:\xampp\htdocs\opencart\catalog\controller\startup\language.php on line 41
2025-12-02 08:19:08 - Call to undefined function Opencart\Admin\Controller\Common\oc_delete_file() in C:\xampp\htdocs\opencart\admin\controller\common\developer.php on line 72
2025-12-02 10:50:53 - Call to undefined function Opencart\Admin\Controller\Common\oc_delete_file() in C:\xampp\htdocs\opencart\admin\controller\common\developer.php on line 72
2025-12-03 06:12:48 - syntax error, unexpected string content "البريد الإلكترو_..." in C:\xampp\htdocs\opencart\admin\language\ar-ar\setting\store.php on line 119
2025-12-03 06:12:52 - syntax error, unexpected string content "البريد الإلكترو_..." in C:\xampp\htdocs\opencart\admin\language\ar-ar\setting\store.php on line 119
2025-12-06 15:43:56 - Error: Could not load template account/payment_method! in C:\xampp\htdocs\opencart\system\library\template\twig.php on line 121
2025-12-18 12:13:35 - syntax error, unexpected string content "تحذير: لا يمكن حذ..." in C:\xampp\htdocs\bareeq_platform\admin\language\ar-ar\design\layout.php on line 33
2025-12-20 16:55:54 - syntax error, unexpected identifier "_" in C:\xampp\htdocs\bareeq_platform\admin\language\ar-ar\customer\customer.php on line 61
2025-12-20 16:57:37 - syntax error, unexpected token "<", expecting end of file in C:\xampp\htdocs\bareeq_platform\admin\language\ar-ar\customer\custom_field.php on line 22
2025-12-24 09:46:22 - syntax error, unexpected token ">" in C:\xampp\htdocs\bareeq_platform\extension\opencart\catalog\controller\module\featured.php on line 89
2025-12-25 17:40:47 - syntax error, unexpected token "*", expecting end of file in C:\xampp\htdocs\bareeq_platform\catalog\controller\common\content_bottom.php on line 15
2025-12-25 19:03:56 - Error: Could not load model setting/store! in C:\xampp\htdocs\bareeq_platform\system\engine\loader.php on line 148
2025-12-25 19:06:21 - Error: Could not load model setting/store! in C:\xampp\htdocs\bareeq_platform\system\engine\loader.php on line 148
2025-12-25 19:06:22 - Error: Could not load model setting/store! in C:\xampp\htdocs\bareeq_platform\system\engine\loader.php on line 148
2025-12-25 19:16:16 - Error: Could not find class Opencart\Catalog\Model\Setting\StoreExtension for model setting/store! in C:\xampp\htdocs\bareeq_platform\system\engine\loader.php on line 147
2025-12-25 19:16:17 - Error: Could not find class Opencart\Catalog\Model\Setting\StoreExtension for model setting/store! in C:\xampp\htdocs\bareeq_platform\system\engine\loader.php on line 147
2025-12-25 19:16:17 - Error: Could not find class Opencart\Catalog\Model\Setting\StoreExtension for model setting/store! in C:\xampp\htdocs\bareeq_platform\system\engine\loader.php on line 147
2025-12-25 19:16:18 - Error: Could not find class Opencart\Catalog\Model\Setting\StoreExtension for model setting/store! in C:\xampp\htdocs\bareeq_platform\system\engine\loader.php on line 147
2025-12-25 19:16:18 - Error: Could not find class Opencart\Catalog\Model\Setting\StoreExtension for model setting/store! in C:\xampp\htdocs\bareeq_platform\system\engine\loader.php on line 147
2025-12-25 19:16:18 - Error: Could not find class Opencart\Catalog\Model\Setting\StoreExtension for model setting/store! in C:\xampp\htdocs\bareeq_platform\system\engine\loader.php on line 147
2025-12-25 19:16:18 - Error: Could not find class Opencart\Catalog\Model\Setting\StoreExtension for model setting/store! in C:\xampp\htdocs\bareeq_platform\system\engine\loader.php on line 147
2025-12-25 19:16:18 - Error: Could not find class Opencart\Catalog\Model\Setting\StoreExtension for model setting/store! in C:\xampp\htdocs\bareeq_platform\system\engine\loader.php on line 147
2025-12-25 19:16:19 - Error: Could not find class Opencart\Catalog\Model\Setting\StoreExtension for model setting/store! in C:\xampp\htdocs\bareeq_platform\system\engine\loader.php on line 147
2025-12-25 19:16:19 - Error: Could not find class Opencart\Catalog\Model\Setting\StoreExtension for model setting/store! in C:\xampp\htdocs\bareeq_platform\system\engine\loader.php on line 147
2025-12-25 19:16:19 - Error: Could not find class Opencart\Catalog\Model\Setting\StoreExtension for model setting/store! in C:\xampp\htdocs\bareeq_platform\system\engine\loader.php on line 147
2025-12-25 19:16:20 - Error: Could not find class Opencart\Catalog\Model\Setting\StoreExtension for model setting/store! in C:\xampp\htdocs\bareeq_platform\system\engine\loader.php on line 147
2025-12-25 19:18:07 - Error: Could not find class Opencart\Catalog\Model\Setting\store\StoreExtension for model setting/store! in C:\xampp\htdocs\bareeq_platform\system\engine\loader.php on line 147
2025-12-25 19:19:22 - Error: Could not find class bareeq_platform\Catalog\Model\Setting\StoreExtension for model setting/store! in C:\xampp\htdocs\bareeq_platform\system\engine\loader.php on line 148
2025-12-25 19:19:23 - Error: Could not find class bareeq_platform\Catalog\Model\Setting\StoreExtension for model setting/store! in C:\xampp\htdocs\bareeq_platform\system\engine\loader.php on line 148
2025-12-25 19:20:14 - Error: Could not find class bareeq_platform\Catalog\Model\Setting\StoreExtension for model setting/store! in C:\xampp\htdocs\bareeq_platform\system\engine\loader.php on line 148
2025-12-25 19:21:30 - Error: Could not find class bareeq_platform\Catalog\Model\Setting\StoreExtension for model setting/store! in C:\xampp\htdocs\bareeq_platform\system\engine\loader.php on line 148
2025-12-25 19:21:31 - Error: Could not find class bareeq_platform\Catalog\Model\Setting\StoreExtension for model setting/store! in C:\xampp\htdocs\bareeq_platform\system\engine\loader.php on line 148
2025-12-25 19:21:32 - Error: Could not find class bareeq_platform\Catalog\Model\Setting\StoreExtension for model setting/store! in C:\xampp\htdocs\bareeq_platform\system\engine\loader.php on line 148
2025-12-25 19:21:32 - Error: Could not find class bareeq_platform\Catalog\Model\Setting\StoreExtension for model setting/store! in C:\xampp\htdocs\bareeq_platform\system\engine\loader.php on line 148
2025-12-25 19:21:32 - Error: Could not find class bareeq_platform\Catalog\Model\Setting\StoreExtension for model setting/store! in C:\xampp\htdocs\bareeq_platform\system\engine\loader.php on line 148
2025-12-25 19:21:34 - Error: Could not find class bareeq_platform\Catalog\Model\Setting\StoreExtension for model setting/store! in C:\xampp\htdocs\bareeq_platform\system\engine\loader.php on line 148
2025-12-25 19:21:34 - Error: Could not find class bareeq_platform\Catalog\Model\Setting\StoreExtension for model setting/store! in C:\xampp\htdocs\bareeq_platform\system\engine\loader.php on line 148
2025-12-25 19:21:34 - Error: Could not find class bareeq_platform\Catalog\Model\Setting\StoreExtension for model setting/store! in C:\xampp\htdocs\bareeq_platform\system\engine\loader.php on line 148
2025-12-25 19:21:34 - Error: Could not find class bareeq_platform\Catalog\Model\Setting\StoreExtension for model setting/store! in C:\xampp\htdocs\bareeq_platform\system\engine\loader.php on line 148
2025-12-25 19:21:34 - Error: Could not find class bareeq_platform\Catalog\Model\Setting\StoreExtension for model setting/store! in C:\xampp\htdocs\bareeq_platform\system\engine\loader.php on line 148
2025-12-25 19:21:35 - Error: Could not find class bareeq_platform\Catalog\Model\Setting\StoreExtension for model setting/store! in C:\xampp\htdocs\bareeq_platform\system\engine\loader.php on line 148
2025-12-25 19:21:35 - Error: Could not find class bareeq_platform\Catalog\Model\Setting\StoreExtension for model setting/store! in C:\xampp\htdocs\bareeq_platform\system\engine\loader.php on line 148
2025-12-25 19:21:35 - Error: Could not find class bareeq_platform\Catalog\Model\Setting\StoreExtension for model setting/store! in C:\xampp\htdocs\bareeq_platform\system\engine\loader.php on line 148
2025-12-25 19:21:35 - Error: Could not find class bareeq_platform\Catalog\Model\Setting\StoreExtension for model setting/store! in C:\xampp\htdocs\bareeq_platform\system\engine\loader.php on line 148
2025-12-25 19:21:35 - Error: Could not find class bareeq_platform\Catalog\Model\Setting\StoreExtension for model setting/store! in C:\xampp\htdocs\bareeq_platform\system\engine\loader.php on line 148
2025-12-25 19:21:36 - Error: Could not find class bareeq_platform\Catalog\Model\Setting\StoreExtension for model setting/store! in C:\xampp\htdocs\bareeq_platform\system\engine\loader.php on line 148
2025-12-25 19:25:17 - Class "bareeq_platform\System\Engine\Model" not found in C:\xampp\htdocs\bareeq_platform\catalog\model\setting\store.php on line 4
2025-12-25 19:32:23 - syntax error, unexpected token "public", expecting end of file in C:\xampp\htdocs\bareeq_platform\catalog\model\setting\store.php on line 94
2025-12-25 19:33:55 - Undefined array key "store_id" in C:\xampp\htdocs\bareeq_platform\catalog\controller\startup\setting.php on line 25
2025-12-26 07:42:02 - Error: Could not load model setting/store! in C:\xampp\htdocs\bareeq_platform\system\engine\loader.php on line 148
2025-12-26 08:07:21 - Unclosed '{' on line 130 in C:\xampp\htdocs\bareeq_platform\catalog\controller\common\content_bottom.php on line 214
2025-12-26 08:51:26 - Undefined variable $data in C:\xampp\htdocs\bareeq_platform\catalog\controller\common\content_bottom.php on line 110
2025-12-26 09:05:22 - Array to string conversion in C:\xampp\htdocs\bareeq_platform\system\storage\vendor\twig\twig\src\Template.php on line 344
2025-12-26 09:07:22 - Array to string conversion in C:\xampp\htdocs\bareeq_platform\system\storage\vendor\twig\twig\src\Template.php on line 344
2025-12-26 09:07:23 - Array to string conversion in C:\xampp\htdocs\bareeq_platform\system\storage\vendor\twig\twig\src\Template.php on line 344
2025-12-27 17:42:27 - Undefined array key "id" in C:\xampp\htdocs\bareeq_platform\catalog\controller\common\content_bottom.php on line 142
2025-12-27 19:11:46 - Undefined array key "ar" in C:\xampp\htdocs\bareeq_platform\catalog\controller\startup\language.php on line 41
2025-12-27 19:11:55 - Undefined array key "ar" in C:\xampp\htdocs\bareeq_platform\catalog\controller\startup\language.php on line 41
2025-12-27 19:17:48 - Undefined array key "ar" in C:\xampp\htdocs\bareeq_platform\catalog\controller\startup\language.php on line 41
2025-12-27 19:19:34 - Undefined array key "ar" in C:\xampp\htdocs\bareeq_platform\catalog\controller\startup\language.php on line 41
2025-12-29 05:36:44 - Opencart\System\Engine\Loader::language(): Argument #2 ($prefix) must be of type string, array given, called in C:\xampp\htdocs\bareeq_platform\catalog\controller\checkout\cart.php on line 23 in C:\xampp\htdocs\bareeq_platform\system\engine\loader.php on line 205
2025-12-30 18:41:10 - Undefined array key "ar" in C:\xampp\htdocs\bareeq_platform\catalog\controller\startup\language.php on line 41
2025-12-31 09:26:07 - Error: Could not load template common/column_left! in C:\xampp\htdocs\bareeq_platform\system\library\template\twig.php on line 121
2025-12-31 11:38:39 - password_verify(): Passing null to parameter #2 ($hash) of type string is deprecated in C:\xampp\htdocs\bareeq_platform\system\library\cart\customer.php on line 112
2025-12-31 11:38:42 - password_verify(): Passing null to parameter #2 ($hash) of type string is deprecated in C:\xampp\htdocs\bareeq_platform\system\library\cart\customer.php on line 112
2025-12-31 11:38:45 - password_verify(): Passing null to parameter #2 ($hash) of type string is deprecated in C:\xampp\htdocs\bareeq_platform\system\library\cart\customer.php on line 112
2025-12-31 11:38:46 - password_verify(): Passing null to parameter #2 ($hash) of type string is deprecated in C:\xampp\htdocs\bareeq_platform\system\library\cart\customer.php on line 112
2025-12-31 11:38:47 - password_verify(): Passing null to parameter #2 ($hash) of type string is deprecated in C:\xampp\htdocs\bareeq_platform\system\library\cart\customer.php on line 112
2025-12-31 11:38:47 - password_verify(): Passing null to parameter #2 ($hash) of type string is deprecated in C:\xampp\htdocs\bareeq_platform\system\library\cart\customer.php on line 112
2025-12-31 11:38:47 - password_verify(): Passing null to parameter #2 ($hash) of type string is deprecated in C:\xampp\htdocs\bareeq_platform\system\library\cart\customer.php on line 112
2025-12-31 11:38:48 - password_verify(): Passing null to parameter #2 ($hash) of type string is deprecated in C:\xampp\htdocs\bareeq_platform\system\library\cart\customer.php on line 112
2025-12-31 11:38:48 - password_verify(): Passing null to parameter #2 ($hash) of type string is deprecated in C:\xampp\htdocs\bareeq_platform\system\library\cart\customer.php on line 112
2025-12-31 11:38:48 - password_verify(): Passing null to parameter #2 ($hash) of type string is deprecated in C:\xampp\htdocs\bareeq_platform\system\library\cart\customer.php on line 112
2025-12-31 11:38:48 - password_verify(): Passing null to parameter #2 ($hash) of type string is deprecated in C:\xampp\htdocs\bareeq_platform\system\library\cart\customer.php on line 112
2025-12-31 11:38:48 - password_verify(): Passing null to parameter #2 ($hash) of type string is deprecated in C:\xampp\htdocs\bareeq_platform\system\library\cart\customer.php on line 112
2025-12-31 11:38:52 - password_verify(): Passing null to parameter #2 ($hash) of type string is deprecated in C:\xampp\htdocs\bareeq_platform\system\library\cart\customer.php on line 112
2025-12-31 11:38:54 - password_verify(): Passing null to parameter #2 ($hash) of type string is deprecated in C:\xampp\htdocs\bareeq_platform\system\library\cart\customer.php on line 112
2025-12-31 11:38:55 - password_verify(): Passing null to parameter #2 ($hash) of type string is deprecated in C:\xampp\htdocs\bareeq_platform\system\library\cart\customer.php on line 112
2025-12-31 11:38:55 - password_verify(): Passing null to parameter #2 ($hash) of type string is deprecated in C:\xampp\htdocs\bareeq_platform\system\library\cart\customer.php on line 112
2025-12-31 11:38:56 - password_verify(): Passing null to parameter #2 ($hash) of type string is deprecated in C:\xampp\htdocs\bareeq_platform\system\library\cart\customer.php on line 112
2025-12-31 11:38:56 - password_verify(): Passing null to parameter #2 ($hash) of type string is deprecated in C:\xampp\htdocs\bareeq_platform\system\library\cart\customer.php on line 112
2025-12-31 11:38:56 - password_verify(): Passing null to parameter #2 ($hash) of type string is deprecated in C:\xampp\htdocs\bareeq_platform\system\library\cart\customer.php on line 112
2025-12-31 11:39:02 - password_verify(): Passing null to parameter #2 ($hash) of type string is deprecated in C:\xampp\htdocs\bareeq_platform\system\library\cart\customer.php on line 112
2025-12-31 11:39:03 - password_verify(): Passing null to parameter #2 ($hash) of type string is deprecated in C:\xampp\htdocs\bareeq_platform\system\library\cart\customer.php on line 112
2025-12-31 15:12:27 - Error: Could not load model extension/opencart/dashboard/map! in C:\xampp\htdocs\bareeq_platform\system\engine\loader.php on line 148
2025-12-31 15:13:27 - Error: Could not load model extension/opencart/dashboard/map! in C:\xampp\htdocs\bareeq_platform\system\engine\loader.php on line 148
2025-12-31 15:13:31 - Error: Could not load model extension/opencart/dashboard/map! in C:\xampp\htdocs\bareeq_platform\system\engine\loader.php on line 148
2025-12-31 17:37:38 - Call to undefined function Opencart\Admin\Controller\Common\oc_delete_file() in C:\xampp\htdocs\bareeq_platform\admin\controller\common\developer.php on line 72
2026-01-01 13:06:50 - Undefined array key "ar" in C:\xampp\htdocs\bareeq_platform\catalog\controller\startup\language.php on line 41
2026-01-01 13:08:37 - Undefined array key "ar" in C:\xampp\htdocs\bareeq_platform\catalog\controller\startup\language.php on line 41
2026-01-01 13:08:38 - Undefined array key "ar" in C:\xampp\htdocs\bareeq_platform\catalog\controller\startup\language.php on line 41
2026-01-01 13:08:40 - Undefined array key "ar" in C:\xampp\htdocs\bareeq_platform\catalog\controller\startup\language.php on line 41
2026-01-01 13:08:41 - Undefined array key "ar" in C:\xampp\htdocs\bareeq_platform\catalog\controller\startup\language.php on line 41
2026-01-01 13:09:50 - Undefined array key "ar" in C:\xampp\htdocs\bareeq_platform\catalog\controller\startup\language.php on line 41
2026-01-01 13:09:51 - Undefined array key "ar" in C:\xampp\htdocs\bareeq_platform\catalog\controller\startup\language.php on line 41
2026-01-01 13:09:55 - Undefined array key "ar" in C:\xampp\htdocs\bareeq_platform\catalog\controller\startup\language.php on line 41
2026-01-01 13:09:56 - Undefined array key "ar" in C:\xampp\htdocs\bareeq_platform\catalog\controller\startup\language.php on line 41
2026-01-01 13:09:56 - Undefined array key "ar" in C:\xampp\htdocs\bareeq_platform\catalog\controller\startup\language.php on line 41
2026-01-01 13:09:56 - Undefined array key "ar" in C:\xampp\htdocs\bareeq_platform\catalog\controller\startup\language.php on line 41
2026-01-01 13:10:10 - Undefined array key "ar" in C:\xampp\htdocs\bareeq_platform\catalog\controller\startup\language.php on line 41
2026-01-01 13:12:36 - Undefined array key "ar" in C:\xampp\htdocs\bareeq_platform\catalog\controller\startup\language.php on line 41
2026-01-01 13:12:39 - Undefined array key "ar" in C:\xampp\htdocs\bareeq_platform\catalog\controller\startup\language.php on line 41
2026-01-01 13:12:47 - Undefined array key "ar" in C:\xampp\htdocs\bareeq_platform\catalog\controller\startup\language.php on line 41
2026-01-01 13:12:54 - Undefined array key "ar" in C:\xampp\htdocs\bareeq_platform\catalog\controller\startup\language.php on line 41
2026-01-01 13:13:03 - Undefined array key "ar" in C:\xampp\htdocs\bareeq_platform\catalog\controller\startup\language.php on line 41
2026-01-01 13:13:05 - Undefined array key "ar" in C:\xampp\htdocs\bareeq_platform\catalog\controller\startup\language.php on line 41
2026-01-01 13:13:06 - Undefined array key "ar" in C:\xampp\htdocs\bareeq_platform\catalog\controller\startup\language.php on line 41
2026-01-01 13:13:06 - Undefined array key "ar" in C:\xampp\htdocs\bareeq_platform\catalog\controller\startup\language.php on line 41
2026-01-01 13:13:06 - Undefined array key "ar" in C:\xampp\htdocs\bareeq_platform\catalog\controller\startup\language.php on line 41
2026-01-01 13:13:06 - Undefined array key "ar" in C:\xampp\htdocs\bareeq_platform\catalog\controller\startup\language.php on line 41
2026-01-01 13:13:07 - Undefined array key "ar" in C:\xampp\htdocs\bareeq_platform\catalog\controller\startup\language.php on line 41
2026-01-01 13:13:08 - Undefined array key "ar" in C:\xampp\htdocs\bareeq_platform\catalog\controller\startup\language.php on line 41
2026-01-01 13:13:09 - Undefined array key "ar" in C:\xampp\htdocs\bareeq_platform\catalog\controller\startup\language.php on line 41
2026-01-01 13:13:15 - Undefined array key "ar" in C:\xampp\htdocs\bareeq_platform\catalog\controller\startup\language.php on line 41
2026-01-01 13:16:11 - Undefined array key "ar" in C:\xampp\htdocs\bareeq_platform\catalog\controller\startup\language.php on line 41
2026-01-02 06:02:22 - Undefined array key "ar" in C:\xampp\htdocs\bareeq_platform\catalog\controller\startup\language.php on line 41
2026-01-02 06:07:16 - Undefined array key "ar" in C:\xampp\htdocs\bareeq_platform\catalog\controller\startup\language.php on line 46
2026-01-02 06:07:39 - Undefined array key "ar" in C:\xampp\htdocs\bareeq_platform\catalog\controller\startup\language.php on line 41
2026-01-02 06:44:58 - Undefined array key "ar" in C:\xampp\htdocs\bareeq_platform\catalog\controller\startup\language.php on line 41
2026-01-12 16:21:13 - Undefined array key "ar" in C:\xampp\htdocs\bareeq_platform\catalog\controller\startup\language.php on line 41
2026-01-12 18:54:26 - Unable to find template "admin/view/template/catalog/subscription_plan_list.twig" (looked into: .). in C:\xampp\htdocs\bareeq_platform\system\storage\vendor\twig\twig\src\Loader\FilesystemLoader.php on line 234
2026-01-13 04:34:20 - strtotime(): Passing null to parameter #1 ($datetime) of type string is deprecated in C:\xampp\htdocs\bareeq_platform\admin\controller\sale\subscription.php on line 264
2026-01-13 04:35:30 - strtotime(): Passing null to parameter #1 ($datetime) of type string is deprecated in C:\xampp\htdocs\bareeq_platform\admin\controller\sale\subscription.php on line 264
2026-01-13 04:41:17 - strtotime(): Passing null to parameter #1 ($datetime) of type string is deprecated in C:\xampp\htdocs\bareeq_platform\admin\controller\sale\subscription.php on line 264
2026-01-13 04:41:25 - strtotime(): Passing null to parameter #1 ($datetime) of type string is deprecated in C:\xampp\htdocs\bareeq_platform\admin\controller\sale\subscription.php on line 264
2026-01-13 06:30:09 - strtotime(): Passing null to parameter #1 ($datetime) of type string is deprecated in C:\xampp\htdocs\bareeq_platform\admin\controller\sale\subscription.php on line 264
